<?xml version="1.0" encoding="UTF-8"?>
<coverage generated="1649180357976" clover="3.2.0">
  <project timestamp="1649180357976" name="All files">
    <metrics statements="38" coveredstatements="35" conditionals="2" coveredconditionals="1" methods="14" coveredmethods="13" elements="54" coveredelements="49" complexity="0" loc="38" ncloc="38" packages="2" files="3" classes="3"/>
    <package name="features">
      <metrics statements="37" coveredstatements="34" conditionals="2" coveredconditionals="1" methods="14" coveredmethods="13"/>
      <file name="BookReducer.tsx" path="/home/amrurm/Desktop/Zemoso-Assignments/React/Assignment-State Mgmt(Book Status)/Book-App/my-app/src/features/BookReducer.tsx">
        <metrics statements="23" coveredstatements="20" conditionals="2" coveredconditionals="1" methods="9" coveredmethods="8"/>
        <line num="5" count="2" type="stmt"/>
        <line num="11" count="2" type="stmt"/>
        <line num="12" count="2" type="stmt"/>
        <line num="18" count="1" type="stmt"/>
        <line num="22" count="2" type="stmt"/>
        <line num="25" count="2" type="stmt"/>
        <line num="28" count="0" type="stmt"/>
        <line num="36" count="2" type="stmt"/>
        <line num="40" count="2" type="stmt"/>
        <line num="45" count="2" type="stmt"/>
        <line num="46" count="2" type="stmt"/>
        <line num="48" count="2" type="stmt"/>
        <line num="49" count="1" type="stmt"/>
        <line num="50" count="1" type="stmt"/>
        <line num="53" count="2" type="stmt"/>
        <line num="54" count="1" type="stmt"/>
        <line num="57" count="2" type="stmt"/>
        <line num="58" count="2" type="stmt"/>
        <line num="61" count="2" type="stmt"/>
        <line num="62" count="0" type="stmt"/>
        <line num="63" count="0" type="stmt"/>
        <line num="66" count="2" type="stmt"/>
        <line num="67" count="2" type="stmt"/>
      </file>
      <file name="BooksReducer.tsx" path="/home/amrurm/Desktop/Zemoso-Assignments/React/Assignment-State Mgmt(Book Status)/Book-App/my-app/src/features/BooksReducer.tsx">
        <metrics statements="14" coveredstatements="14" conditionals="0" coveredconditionals="0" methods="5" coveredmethods="5"/>
        <line num="5" count="2" type="stmt"/>
        <line num="7" count="2" type="stmt"/>
        <line num="8" count="2" type="stmt"/>
        <line num="9" count="1" type="stmt"/>
        <line num="17" count="2" type="stmt"/>
        <line num="21" count="2" type="stmt"/>
        <line num="26" count="2" type="stmt"/>
        <line num="27" count="2" type="stmt"/>
        <line num="29" count="2" type="stmt"/>
        <line num="30" count="1" type="stmt"/>
        <line num="31" count="1" type="stmt"/>
        <line num="32" count="1" type="stmt"/>
        <line num="35" count="2" type="stmt"/>
        <line num="36" count="1" type="stmt"/>
      </file>
    </package>
    <package name="store">
      <metrics statements="1" coveredstatements="1" conditionals="0" coveredconditionals="0" methods="0" coveredmethods="0"/>
      <file name="store.tsx" path="/home/amrurm/Desktop/Zemoso-Assignments/React/Assignment-State Mgmt(Book Status)/Book-App/my-app/src/store/store.tsx">
        <metrics statements="1" coveredstatements="1" conditionals="0" coveredconditionals="0" methods="0" coveredmethods="0"/>
        <line num="5" count="2" type="stmt"/>
      </file>
    </package>
  </project>
</coverage>
