{"/home/amrurm/Desktop/Zemoso-Assignments/React/Assignment-State Mgmt(Book Status)/Book-App/my-app/src/Icons.tsx": {"path":"/home/amrurm/Desktop/Zemoso-Assignments/React/Assignment-State Mgmt(Book Status)/Book-App/my-app/src/Icons.tsx","statementMap":{"0":{"start":{"line":4,"column":24},"end":{"line":7,"column":1}},"1":{"start":{"line":9,"column":24},"end":{"line":15,"column":1}},"2":{"start":{"line":17,"column":23},"end":{"line":20,"column":1}},"3":{"start":{"line":22,"column":26},"end":{"line":25,"column":1}},"4":{"start":{"line":27,"column":29},"end":{"line":30,"column":1}},"5":{"start":{"line":32,"column":21},"end":{"line":35,"column":1}},"6":{"start":{"line":37,"column":21},"end":{"line":40,"column":1}},"7":{"start":{"line":42,"column":21},"end":{"line":45,"column":1}},"8":{"start":{"line":47,"column":21},"end":{"line":50,"column":1}},"9":{"start":{"line":52,"column":30},"end":{"line":58,"column":1}},"10":{"start":{"line":60,"column":27},"end":{"line":63,"column":1}},"11":{"start":{"line":65,"column":24},"end":{"line":68,"column":1}}},"fnMap":{},"branchMap":{},"s":{"0":14,"1":14,"2":14,"3":14,"4":14,"5":14,"6":14,"7":14,"8":14,"9":14,"10":14,"11":14},"f":{},"b":{},"_coverageSchema":"1a1c01bbd47fc00a2c39e90264f33305004495a9","hash":"74cfd1588cc3d494ed3dc10a002e6f357740b2bd"}
,"/home/amrurm/Desktop/Zemoso-Assignments/React/Assignment-State Mgmt(Book Status)/Book-App/my-app/src/Molecules/BookCard/BookCard.tsx": {"path":"/home/amrurm/Desktop/Zemoso-Assignments/React/Assignment-State Mgmt(Book Status)/Book-App/my-app/src/Molecules/BookCard/BookCard.tsx","statementMap":{"0":{"start":{"line":20,"column":22},"end":{"line":124,"column":1}},"1":{"start":{"line":21,"column":28},"end":{"line":21,"column":52}},"2":{"start":{"line":22,"column":2},"end":{"line":30,"column":14}},"3":{"start":{"line":23,"column":20},"end":{"line":28,"column":5}},"4":{"start":{"line":24,"column":6},"end":{"line":27,"column":9}},"5":{"start":{"line":25,"column":8},"end":{"line":25,"column":30}},"6":{"start":{"line":29,"column":4},"end":{"line":29,"column":14}},"7":{"start":{"line":32,"column":23},"end":{"line":44,"column":3}},"8":{"start":{"line":33,"column":4},"end":{"line":33,"column":20}},"9":{"start":{"line":34,"column":19},"end":{"line":41,"column":8}},"10":{"start":{"line":40,"column":8},"end":{"line":40,"column":30}},"11":{"start":{"line":43,"column":4},"end":{"line":43,"column":29}},"12":{"start":{"line":45,"column":2},"end":{"line":123,"column":4}},"13":{"start":{"line":117,"column":25},"end":{"line":117,"column":45}},"14":{"start":{"line":126,"column":17},"end":{"line":138,"column":1}},"15":{"start":{"line":127,"column":2},"end":{"line":137,"column":4}}},"fnMap":{"0":{"name":"(anonymous_0)","decl":{"start":{"line":20,"column":22},"end":{"line":20,"column":23}},"loc":{"start":{"line":20,"column":52},"end":{"line":124,"column":1}},"line":20},"1":{"name":"(anonymous_1)","decl":{"start":{"line":22,"column":12},"end":{"line":22,"column":13}},"loc":{"start":{"line":22,"column":18},"end":{"line":30,"column":3}},"line":22},"2":{"name":"(anonymous_2)","decl":{"start":{"line":23,"column":20},"end":{"line":23,"column":21}},"loc":{"start":{"line":23,"column":32},"end":{"line":28,"column":5}},"line":23},"3":{"name":"(anonymous_3)","decl":{"start":{"line":24,"column":58},"end":{"line":24,"column":59}},"loc":{"start":{"line":24,"column":67},"end":{"line":27,"column":7}},"line":24},"4":{"name":"(anonymous_4)","decl":{"start":{"line":32,"column":23},"end":{"line":32,"column":24}},"loc":{"start":{"line":32,"column":45},"end":{"line":44,"column":3}},"line":32},"5":{"name":"(anonymous_5)","decl":{"start":{"line":39,"column":12},"end":{"line":39,"column":13}},"loc":{"start":{"line":39,"column":21},"end":{"line":41,"column":7}},"line":39},"6":{"name":"(anonymous_6)","decl":{"start":{"line":117,"column":19},"end":{"line":117,"column":20}},"loc":{"start":{"line":117,"column":25},"end":{"line":117,"column":45}},"line":117},"7":{"name":"(anonymous_7)","decl":{"start":{"line":126,"column":17},"end":{"line":126,"column":18}},"loc":{"start":{"line":126,"column":55},"end":{"line":138,"column":1}},"line":126}},"branchMap":{"0":{"loc":{"start":{"line":37,"column":10},"end":{"line":37,"column":69}},"type":"cond-expr","locations":[{"start":{"line":37,"column":38},"end":{"line":37,"column":56}},{"start":{"line":37,"column":59},"end":{"line":37,"column":69}}],"line":37},"1":{"loc":{"start":{"line":93,"column":13},"end":{"line":112,"column":25}},"type":"cond-expr","locations":[{"start":{"line":94,"column":14},"end":{"line":111,"column":20}},{"start":{"line":112,"column":16},"end":{"line":112,"column":25}}],"line":93},"2":{"loc":{"start":{"line":129,"column":7},"end":{"line":135,"column":7}},"type":"cond-expr","locations":[{"start":{"line":130,"column":8},"end":{"line":132,"column":15}},{"start":{"line":134,"column":8},"end":{"line":134,"column":55}}],"line":129}},"s":{"0":7,"1":9,"2":9,"3":9,"4":9,"5":0,"6":9,"7":9,"8":1,"9":1,"10":0,"11":0,"12":9,"13":1,"14":7,"15":9},"f":{"0":9,"1":9,"2":9,"3":0,"4":1,"5":0,"6":1,"7":9},"b":{"0":[0,1],"1":[6,3],"2":[9,0]},"_coverageSchema":"1a1c01bbd47fc00a2c39e90264f33305004495a9","hash":"5083d1c80917402bf7e56ea33964cb2a20caa8c1"}
,"/home/amrurm/Desktop/Zemoso-Assignments/React/Assignment-State Mgmt(Book Status)/Book-App/my-app/src/Molecules/ButtonsGroup/ButtonsGroup.tsx": {"path":"/home/amrurm/Desktop/Zemoso-Assignments/React/Assignment-State Mgmt(Book Status)/Book-App/my-app/src/Molecules/ButtonsGroup/ButtonsGroup.tsx","statementMap":{"0":{"start":{"line":6,"column":21},"end":{"line":46,"column":1}},"1":{"start":{"line":7,"column":2},"end":{"line":45,"column":4}}},"fnMap":{"0":{"name":"(anonymous_0)","decl":{"start":{"line":6,"column":21},"end":{"line":6,"column":22}},"loc":{"start":{"line":6,"column":27},"end":{"line":46,"column":1}},"line":6}},"branchMap":{},"s":{"0":3,"1":3},"f":{"0":3},"b":{},"_coverageSchema":"1a1c01bbd47fc00a2c39e90264f33305004495a9","hash":"763bb4ef753fa7027d58b39e6143bc2eda2e6202"}
,"/home/amrurm/Desktop/Zemoso-Assignments/React/Assignment-State Mgmt(Book Status)/Book-App/my-app/src/Molecules/ReadAgain/ReadAgain.tsx": {"path":"/home/amrurm/Desktop/Zemoso-Assignments/React/Assignment-State Mgmt(Book Status)/Book-App/my-app/src/Molecules/ReadAgain/ReadAgain.tsx","statementMap":{"0":{"start":{"line":7,"column":18},"end":{"line":18,"column":1}},"1":{"start":{"line":8,"column":1},"end":{"line":17,"column":3}}},"fnMap":{"0":{"name":"(anonymous_0)","decl":{"start":{"line":7,"column":18},"end":{"line":7,"column":19}},"loc":{"start":{"line":7,"column":40},"end":{"line":18,"column":1}},"line":7}},"branchMap":{},"s":{"0":4,"1":3},"f":{"0":3},"b":{},"_coverageSchema":"1a1c01bbd47fc00a2c39e90264f33305004495a9","hash":"8deded3870f1b1fcf87aec5e8b985d5e3642fd6a"}
,"/home/amrurm/Desktop/Zemoso-Assignments/React/Assignment-State Mgmt(Book Status)/Book-App/my-app/src/Molecules/SearchBar/SearchBar.tsx": {"path":"/home/amrurm/Desktop/Zemoso-Assignments/React/Assignment-State Mgmt(Book Status)/Book-App/my-app/src/Molecules/SearchBar/SearchBar.tsx","statementMap":{"0":{"start":{"line":6,"column":2},"end":{"line":47,"column":4}}},"fnMap":{"0":{"name":"SearchBar","decl":{"start":{"line":5,"column":9},"end":{"line":5,"column":18}},"loc":{"start":{"line":5,"column":21},"end":{"line":48,"column":1}},"line":5}},"branchMap":{},"s":{"0":3},"f":{"0":3},"b":{},"_coverageSchema":"1a1c01bbd47fc00a2c39e90264f33305004495a9","hash":"163456bba3247a87dd0bef7992d3b8a07ed11321"}
,"/home/amrurm/Desktop/Zemoso-Assignments/React/Assignment-State Mgmt(Book Status)/Book-App/my-app/src/Molecules/TabsBar/TabsBar.tsx": {"path":"/home/amrurm/Desktop/Zemoso-Assignments/React/Assignment-State Mgmt(Book Status)/Book-App/my-app/src/Molecules/TabsBar/TabsBar.tsx","statementMap":{"0":{"start":{"line":13,"column":46},"end":{"line":13,"column":51}},"1":{"start":{"line":15,"column":1},"end":{"line":27,"column":3}},"2":{"start":{"line":31,"column":1},"end":{"line":34,"column":3}},"3":{"start":{"line":40,"column":14},"end":{"line":42,"column":1}},"4":{"start":{"line":41,"column":1},"end":{"line":41,"column":64}},"5":{"start":{"line":44,"column":16},"end":{"line":100,"column":1}},"6":{"start":{"line":45,"column":27},"end":{"line":45,"column":38}},"7":{"start":{"line":47,"column":22},"end":{"line":49,"column":2}},"8":{"start":{"line":48,"column":2},"end":{"line":48,"column":21}},"9":{"start":{"line":51,"column":1},"end":{"line":99,"column":3}}},"fnMap":{"0":{"name":"TabPanel","decl":{"start":{"line":12,"column":9},"end":{"line":12,"column":17}},"loc":{"start":{"line":12,"column":40},"end":{"line":28,"column":1}},"line":12},"1":{"name":"a11yProps","decl":{"start":{"line":30,"column":9},"end":{"line":30,"column":18}},"loc":{"start":{"line":30,"column":34},"end":{"line":35,"column":1}},"line":30},"2":{"name":"(anonymous_2)","decl":{"start":{"line":40,"column":14},"end":{"line":40,"column":15}},"loc":{"start":{"line":40,"column":39},"end":{"line":42,"column":1}},"line":40},"3":{"name":"(anonymous_3)","decl":{"start":{"line":44,"column":16},"end":{"line":44,"column":17}},"loc":{"start":{"line":44,"column":22},"end":{"line":100,"column":1}},"line":44},"4":{"name":"(anonymous_4)","decl":{"start":{"line":47,"column":22},"end":{"line":47,"column":23}},"loc":{"start":{"line":47,"column":73},"end":{"line":49,"column":2}},"line":47}},"branchMap":{"0":{"loc":{"start":{"line":23,"column":4},"end":{"line":25,"column":4}},"type":"binary-expr","locations":[{"start":{"line":23,"column":4},"end":{"line":23,"column":19}},{"start":{"line":24,"column":4},"end":{"line":24,"column":59}}],"line":23}},"s":{"0":8,"1":8,"2":8,"3":2,"4":8,"5":2,"6":4,"7":4,"8":0,"9":4},"f":{"0":8,"1":8,"2":8,"3":4,"4":0},"b":{"0":[8,4]},"_coverageSchema":"1a1c01bbd47fc00a2c39e90264f33305004495a9","hash":"414d4e0837455f235c4ca6fc59936a0768a2c175"}
,"/home/amrurm/Desktop/Zemoso-Assignments/React/Assignment-State Mgmt(Book Status)/Book-App/my-app/src/Molecules/TabsMenu/TabsMenu.tsx": {"path":"/home/amrurm/Desktop/Zemoso-Assignments/React/Assignment-State Mgmt(Book Status)/Book-App/my-app/src/Molecules/TabsMenu/TabsMenu.tsx","statementMap":{"0":{"start":{"line":11,"column":47},"end":{"line":11,"column":52}},"1":{"start":{"line":13,"column":2},"end":{"line":25,"column":4}},"2":{"start":{"line":29,"column":2},"end":{"line":32,"column":4}},"3":{"start":{"line":38,"column":14},"end":{"line":40,"column":1}},"4":{"start":{"line":39,"column":2},"end":{"line":39,"column":61}},"5":{"start":{"line":42,"column":17},"end":{"line":177,"column":1}},"6":{"start":{"line":43,"column":28},"end":{"line":43,"column":45}},"7":{"start":{"line":45,"column":23},"end":{"line":50,"column":3}},"8":{"start":{"line":49,"column":4},"end":{"line":49,"column":23}},"9":{"start":{"line":52,"column":2},"end":{"line":176,"column":4}}},"fnMap":{"0":{"name":"TabPanel","decl":{"start":{"line":10,"column":9},"end":{"line":10,"column":17}},"loc":{"start":{"line":10,"column":40},"end":{"line":26,"column":1}},"line":10},"1":{"name":"a11yProps","decl":{"start":{"line":28,"column":9},"end":{"line":28,"column":18}},"loc":{"start":{"line":28,"column":34},"end":{"line":33,"column":1}},"line":28},"2":{"name":"(anonymous_2)","decl":{"start":{"line":38,"column":14},"end":{"line":38,"column":15}},"loc":{"start":{"line":38,"column":39},"end":{"line":40,"column":1}},"line":38},"3":{"name":"(anonymous_3)","decl":{"start":{"line":42,"column":17},"end":{"line":42,"column":18}},"loc":{"start":{"line":42,"column":23},"end":{"line":177,"column":1}},"line":42},"4":{"name":"(anonymous_4)","decl":{"start":{"line":45,"column":23},"end":{"line":45,"column":24}},"loc":{"start":{"line":48,"column":7},"end":{"line":50,"column":3}},"line":48}},"branchMap":{"0":{"loc":{"start":{"line":21,"column":7},"end":{"line":23,"column":7}},"type":"binary-expr","locations":[{"start":{"line":21,"column":7},"end":{"line":21,"column":22}},{"start":{"line":22,"column":8},"end":{"line":22,"column":63}}],"line":21}},"s":{"0":9,"1":9,"2":9,"3":2,"4":9,"5":2,"6":3,"7":3,"8":0,"9":3},"f":{"0":9,"1":9,"2":9,"3":3,"4":0},"b":{"0":[9,3]},"_coverageSchema":"1a1c01bbd47fc00a2c39e90264f33305004495a9","hash":"6d8f0281748e21addbffb25447369e4334b86853"}
,"/home/amrurm/Desktop/Zemoso-Assignments/React/Assignment-State Mgmt(Book Status)/Book-App/my-app/src/Organisms/Banner/Banner/Banner.tsx": {"path":"/home/amrurm/Desktop/Zemoso-Assignments/React/Assignment-State Mgmt(Book Status)/Book-App/my-app/src/Organisms/Banner/Banner/Banner.tsx","statementMap":{"0":{"start":{"line":4,"column":15},"end":{"line":57,"column":1}},"1":{"start":{"line":5,"column":2},"end":{"line":56,"column":4}}},"fnMap":{"0":{"name":"(anonymous_0)","decl":{"start":{"line":4,"column":15},"end":{"line":4,"column":16}},"loc":{"start":{"line":4,"column":21},"end":{"line":57,"column":1}},"line":4}},"branchMap":{},"s":{"0":2,"1":4},"f":{"0":4},"b":{},"_coverageSchema":"1a1c01bbd47fc00a2c39e90264f33305004495a9","hash":"a74ee8227bd257845c3b2f13042188e7373b7455"}
,"/home/amrurm/Desktop/Zemoso-Assignments/React/Assignment-State Mgmt(Book Status)/Book-App/my-app/src/Organisms/Banner/BookDetails/BookDetails.tsx": {"path":"/home/amrurm/Desktop/Zemoso-Assignments/React/Assignment-State Mgmt(Book Status)/Book-App/my-app/src/Organisms/Banner/BookDetails/BookDetails.tsx","statementMap":{"0":{"start":{"line":11,"column":20},"end":{"line":50,"column":1}},"1":{"start":{"line":12,"column":2},"end":{"line":12,"column":41}},"2":{"start":{"line":13,"column":2},"end":{"line":49,"column":4}}},"fnMap":{"0":{"name":"(anonymous_0)","decl":{"start":{"line":11,"column":20},"end":{"line":11,"column":21}},"loc":{"start":{"line":11,"column":45},"end":{"line":50,"column":1}},"line":11}},"branchMap":{},"s":{"0":3,"1":3,"2":3},"f":{"0":3},"b":{},"_coverageSchema":"1a1c01bbd47fc00a2c39e90264f33305004495a9","hash":"17a0080a9cc65fd5c5c176b0b82670764cc0a522"}
,"/home/amrurm/Desktop/Zemoso-Assignments/React/Assignment-State Mgmt(Book Status)/Book-App/my-app/src/Organisms/Banner/BookGrid/BookGrid.tsx": {"path":"/home/amrurm/Desktop/Zemoso-Assignments/React/Assignment-State Mgmt(Book Status)/Book-App/my-app/src/Organisms/Banner/BookGrid/BookGrid.tsx","statementMap":{"0":{"start":{"line":12,"column":17},"end":{"line":61,"column":1}},"1":{"start":{"line":15,"column":28},"end":{"line":15,"column":66}},"2":{"start":{"line":17,"column":2},"end":{"line":25,"column":8}},"3":{"start":{"line":18,"column":20},"end":{"line":23,"column":5}},"4":{"start":{"line":19,"column":6},"end":{"line":22,"column":9}},"5":{"start":{"line":20,"column":8},"end":{"line":20,"column":30}},"6":{"start":{"line":21,"column":8},"end":{"line":21,"column":27}},"7":{"start":{"line":24,"column":4},"end":{"line":24,"column":14}},"8":{"start":{"line":26,"column":2},"end":{"line":60,"column":4}},"9":{"start":{"line":40,"column":12},"end":{"line":44,"column":14}},"10":{"start":{"line":47,"column":42},"end":{"line":47,"column":63}},"11":{"start":{"line":49,"column":14},"end":{"line":57,"column":16}}},"fnMap":{"0":{"name":"(anonymous_0)","decl":{"start":{"line":12,"column":17},"end":{"line":12,"column":18}},"loc":{"start":{"line":12,"column":49},"end":{"line":61,"column":1}},"line":12},"1":{"name":"(anonymous_1)","decl":{"start":{"line":17,"column":12},"end":{"line":17,"column":13}},"loc":{"start":{"line":17,"column":18},"end":{"line":25,"column":3}},"line":17},"2":{"name":"(anonymous_2)","decl":{"start":{"line":18,"column":20},"end":{"line":18,"column":21}},"loc":{"start":{"line":18,"column":32},"end":{"line":23,"column":5}},"line":18},"3":{"name":"(anonymous_3)","decl":{"start":{"line":19,"column":58},"end":{"line":19,"column":59}},"loc":{"start":{"line":19,"column":67},"end":{"line":22,"column":7}},"line":19},"4":{"name":"(anonymous_4)","decl":{"start":{"line":39,"column":20},"end":{"line":39,"column":21}},"loc":{"start":{"line":39,"column":42},"end":{"line":45,"column":11}},"line":39},"5":{"name":"(anonymous_5)","decl":{"start":{"line":47,"column":20},"end":{"line":47,"column":21}},"loc":{"start":{"line":47,"column":42},"end":{"line":47,"column":63}},"line":47},"6":{"name":"(anonymous_6)","decl":{"start":{"line":48,"column":18},"end":{"line":48,"column":19}},"loc":{"start":{"line":48,"column":40},"end":{"line":58,"column":13}},"line":48}},"branchMap":{"0":{"loc":{"start":{"line":38,"column":7},"end":{"line":58,"column":14}},"type":"cond-expr","locations":[{"start":{"line":39,"column":10},"end":{"line":45,"column":12}},{"start":{"line":46,"column":10},"end":{"line":58,"column":14}}],"line":38}},"s":{"0":6,"1":10,"2":10,"3":10,"4":10,"5":0,"6":0,"7":10,"8":10,"9":6,"10":4,"11":0},"f":{"0":10,"1":10,"2":10,"3":0,"4":6,"5":4,"6":0},"b":{"0":[6,4]},"_coverageSchema":"1a1c01bbd47fc00a2c39e90264f33305004495a9","hash":"1ed503a4141c76c6b5761b6b834a8cd9f215c94d"}
,"/home/amrurm/Desktop/Zemoso-Assignments/React/Assignment-State Mgmt(Book Status)/Book-App/my-app/src/Organisms/Banner/BookGroup/BookGroup.tsx": {"path":"/home/amrurm/Desktop/Zemoso-Assignments/React/Assignment-State Mgmt(Book Status)/Book-App/my-app/src/Organisms/Banner/BookGroup/BookGroup.tsx","statementMap":{"0":{"start":{"line":7,"column":17},"end":{"line":21,"column":1}},"1":{"start":{"line":26,"column":19},"end":{"line":52,"column":1}},"2":{"start":{"line":27,"column":2},"end":{"line":51,"column":4}}},"fnMap":{"0":{"name":"(anonymous_0)","decl":{"start":{"line":26,"column":19},"end":{"line":26,"column":20}},"loc":{"start":{"line":26,"column":41},"end":{"line":52,"column":1}},"line":26}},"branchMap":{},"s":{"0":3,"1":3,"2":5},"f":{"0":5},"b":{},"_coverageSchema":"1a1c01bbd47fc00a2c39e90264f33305004495a9","hash":"6b058c6df14d29697fce895c955bcbb2b124641a"}
,"/home/amrurm/Desktop/Zemoso-Assignments/React/Assignment-State Mgmt(Book Status)/Book-App/my-app/src/Organisms/Banner/BookPage/BookPage.tsx": {"path":"/home/amrurm/Desktop/Zemoso-Assignments/React/Assignment-State Mgmt(Book Status)/Book-App/my-app/src/Organisms/Banner/BookPage/BookPage.tsx","statementMap":{"0":{"start":{"line":8,"column":17},"end":{"line":62,"column":1}},"1":{"start":{"line":9,"column":16},"end":{"line":14,"column":3}},"2":{"start":{"line":17,"column":27},"end":{"line":17,"column":61}},"3":{"start":{"line":18,"column":17},"end":{"line":18,"column":28}},"4":{"start":{"line":20,"column":2},"end":{"line":30,"column":9}},"5":{"start":{"line":21,"column":20},"end":{"line":28,"column":5}},"6":{"start":{"line":22,"column":6},"end":{"line":27,"column":11}},"7":{"start":{"line":25,"column":10},"end":{"line":25,"column":32}},"8":{"start":{"line":26,"column":10},"end":{"line":26,"column":29}},"9":{"start":{"line":29,"column":4},"end":{"line":29,"column":14}},"10":{"start":{"line":31,"column":2},"end":{"line":61,"column":4}}},"fnMap":{"0":{"name":"(anonymous_0)","decl":{"start":{"line":8,"column":17},"end":{"line":8,"column":18}},"loc":{"start":{"line":8,"column":23},"end":{"line":62,"column":1}},"line":8},"1":{"name":"(anonymous_1)","decl":{"start":{"line":20,"column":12},"end":{"line":20,"column":13}},"loc":{"start":{"line":20,"column":18},"end":{"line":30,"column":3}},"line":20},"2":{"name":"(anonymous_2)","decl":{"start":{"line":21,"column":20},"end":{"line":21,"column":21}},"loc":{"start":{"line":21,"column":32},"end":{"line":28,"column":5}},"line":21},"3":{"name":"(anonymous_3)","decl":{"start":{"line":24,"column":14},"end":{"line":24,"column":15}},"loc":{"start":{"line":24,"column":23},"end":{"line":27,"column":9}},"line":24}},"branchMap":{"0":{"loc":{"start":{"line":52,"column":31},"end":{"line":52,"column":63}},"type":"cond-expr","locations":[{"start":{"line":52,"column":51},"end":{"line":52,"column":56}},{"start":{"line":52,"column":59},"end":{"line":52,"column":63}}],"line":52}},"s":{"0":2,"1":2,"2":2,"3":2,"4":2,"5":2,"6":2,"7":0,"8":0,"9":2,"10":2},"f":{"0":2,"1":2,"2":2,"3":0},"b":{"0":[0,2]},"_coverageSchema":"1a1c01bbd47fc00a2c39e90264f33305004495a9","hash":"cfa55a6a4f6408299c4f0cd43c1005196bad9f30"}
,"/home/amrurm/Desktop/Zemoso-Assignments/React/Assignment-State Mgmt(Book Status)/Book-App/my-app/src/Organisms/Banner/DropDown/DropDown.tsx": {"path":"/home/amrurm/Desktop/Zemoso-Assignments/React/Assignment-State Mgmt(Book Status)/Book-App/my-app/src/Organisms/Banner/DropDown/DropDown.tsx","statementMap":{"0":{"start":{"line":20,"column":16},"end":{"line":155,"column":1}},"1":{"start":{"line":21,"column":15},"end":{"line":21,"column":32}},"2":{"start":{"line":22,"column":13},"end":{"line":37,"column":3}},"3":{"start":{"line":38,"column":2},"end":{"line":154,"column":4}},"4":{"start":{"line":138,"column":14},"end":{"line":148,"column":16}},"5":{"start":{"line":161,"column":17},"end":{"line":174,"column":1}},"6":{"start":{"line":162,"column":2},"end":{"line":173,"column":4}}},"fnMap":{"0":{"name":"(anonymous_0)","decl":{"start":{"line":20,"column":16},"end":{"line":20,"column":17}},"loc":{"start":{"line":20,"column":61},"end":{"line":155,"column":1}},"line":20},"1":{"name":"(anonymous_1)","decl":{"start":{"line":137,"column":20},"end":{"line":137,"column":21}},"loc":{"start":{"line":137,"column":37},"end":{"line":149,"column":13}},"line":137},"2":{"name":"(anonymous_2)","decl":{"start":{"line":161,"column":17},"end":{"line":161,"column":18}},"loc":{"start":{"line":161,"column":55},"end":{"line":174,"column":1}},"line":161}},"branchMap":{},"s":{"0":5,"1":1,"2":1,"3":1,"4":3,"5":5,"6":1},"f":{"0":1,"1":3,"2":1},"b":{},"_coverageSchema":"1a1c01bbd47fc00a2c39e90264f33305004495a9","hash":"d058268f5334782794df7a0b5fa81cbd83ff8a52"}
,"/home/amrurm/Desktop/Zemoso-Assignments/React/Assignment-State Mgmt(Book Status)/Book-App/my-app/src/Organisms/Banner/Footer/Footer.tsx": {"path":"/home/amrurm/Desktop/Zemoso-Assignments/React/Assignment-State Mgmt(Book Status)/Book-App/my-app/src/Organisms/Banner/Footer/Footer.tsx","statementMap":{"0":{"start":{"line":5,"column":17},"end":{"line":34,"column":1}},"1":{"start":{"line":6,"column":2},"end":{"line":33,"column":4}},"2":{"start":{"line":36,"column":15},"end":{"line":75,"column":1}},"3":{"start":{"line":37,"column":2},"end":{"line":74,"column":4}}},"fnMap":{"0":{"name":"(anonymous_0)","decl":{"start":{"line":5,"column":17},"end":{"line":5,"column":18}},"loc":{"start":{"line":5,"column":23},"end":{"line":34,"column":1}},"line":5},"1":{"name":"(anonymous_1)","decl":{"start":{"line":36,"column":15},"end":{"line":36,"column":16}},"loc":{"start":{"line":36,"column":21},"end":{"line":75,"column":1}},"line":36}},"branchMap":{},"s":{"0":4,"1":6,"2":4,"3":6},"f":{"0":6,"1":6},"b":{},"_coverageSchema":"1a1c01bbd47fc00a2c39e90264f33305004495a9","hash":"17157c4104f19683d43dc53c9641fec1691be504"}
,"/home/amrurm/Desktop/Zemoso-Assignments/React/Assignment-State Mgmt(Book Status)/Book-App/my-app/src/Organisms/Banner/Header/Header.tsx": {"path":"/home/amrurm/Desktop/Zemoso-Assignments/React/Assignment-State Mgmt(Book Status)/Book-App/my-app/src/Organisms/Banner/Header/Header.tsx","statementMap":{"0":{"start":{"line":20,"column":15},"end":{"line":138,"column":1}},"1":{"start":{"line":21,"column":34},"end":{"line":21,"column":68}},"2":{"start":{"line":22,"column":22},"end":{"line":29,"column":3}},"3":{"start":{"line":25,"column":4},"end":{"line":28,"column":5}},"4":{"start":{"line":25,"column":27},"end":{"line":25,"column":60}},"5":{"start":{"line":27,"column":6},"end":{"line":27,"column":20}},"6":{"start":{"line":31,"column":22},"end":{"line":33,"column":3}},"7":{"start":{"line":32,"column":4},"end":{"line":32,"column":22}},"8":{"start":{"line":35,"column":2},"end":{"line":137,"column":4}}},"fnMap":{"0":{"name":"(anonymous_0)","decl":{"start":{"line":20,"column":15},"end":{"line":20,"column":16}},"loc":{"start":{"line":20,"column":21},"end":{"line":138,"column":1}},"line":20},"1":{"name":"(anonymous_1)","decl":{"start":{"line":22,"column":22},"end":{"line":22,"column":23}},"loc":{"start":{"line":24,"column":7},"end":{"line":29,"column":3}},"line":24},"2":{"name":"(anonymous_2)","decl":{"start":{"line":31,"column":22},"end":{"line":31,"column":23}},"loc":{"start":{"line":31,"column":28},"end":{"line":33,"column":3}},"line":31}},"branchMap":{"0":{"loc":{"start":{"line":25,"column":4},"end":{"line":28,"column":5}},"type":"if","locations":[{"start":{"line":25,"column":4},"end":{"line":28,"column":5}},{"start":{"line":26,"column":9},"end":{"line":28,"column":5}}],"line":25},"1":{"loc":{"start":{"line":87,"column":17},"end":{"line":93,"column":17}},"type":"cond-expr","locations":[{"start":{"line":88,"column":18},"end":{"line":90,"column":20}},{"start":{"line":92,"column":18},"end":{"line":92,"column":33}}],"line":87},"2":{"loc":{"start":{"line":132,"column":9},"end":{"line":134,"column":9}},"type":"binary-expr","locations":[{"start":{"line":132,"column":9},"end":{"line":132,"column":17}},{"start":{"line":133,"column":10},"end":{"line":133,"column":68}}],"line":132}},"s":{"0":4,"1":7,"2":7,"3":0,"4":0,"5":0,"6":7,"7":0,"8":7},"f":{"0":7,"1":0,"2":0},"b":{"0":[0,0],"1":[7,0],"2":[7,0]},"_coverageSchema":"1a1c01bbd47fc00a2c39e90264f33305004495a9","hash":"d856eda28eeecebdec52508e37563be8323b7882"}
,"/home/amrurm/Desktop/Zemoso-Assignments/React/Assignment-State Mgmt(Book Status)/Book-App/my-app/src/Pages/Template.tsx": {"path":"/home/amrurm/Desktop/Zemoso-Assignments/React/Assignment-State Mgmt(Book Status)/Book-App/my-app/src/Pages/Template.tsx","statementMap":{"0":{"start":{"line":9,"column":17},"end":{"line":17,"column":1}},"1":{"start":{"line":10,"column":1},"end":{"line":16,"column":3}}},"fnMap":{"0":{"name":"(anonymous_0)","decl":{"start":{"line":9,"column":17},"end":{"line":9,"column":18}},"loc":{"start":{"line":9,"column":42},"end":{"line":17,"column":1}},"line":9}},"branchMap":{},"s":{"0":3,"1":3},"f":{"0":3},"b":{},"_coverageSchema":"1a1c01bbd47fc00a2c39e90264f33305004495a9","hash":"eaa99342ce2308e7094584379cc2061a00d1acf2"}
,"/home/amrurm/Desktop/Zemoso-Assignments/React/Assignment-State Mgmt(Book Status)/Book-App/my-app/src/Pages/BookDetailsPage/BookDetailsPage.tsx": {"path":"/home/amrurm/Desktop/Zemoso-Assignments/React/Assignment-State Mgmt(Book Status)/Book-App/my-app/src/Pages/BookDetailsPage/BookDetailsPage.tsx","statementMap":{"0":{"start":{"line":5,"column":24},"end":{"line":12,"column":1}},"1":{"start":{"line":6,"column":2},"end":{"line":11,"column":4}}},"fnMap":{"0":{"name":"(anonymous_0)","decl":{"start":{"line":5,"column":24},"end":{"line":5,"column":25}},"loc":{"start":{"line":5,"column":30},"end":{"line":12,"column":1}},"line":5}},"branchMap":{},"s":{"0":1,"1":1},"f":{"0":1},"b":{},"_coverageSchema":"1a1c01bbd47fc00a2c39e90264f33305004495a9","hash":"48381c45c945b236617a3845815523b004bd1f6e"}
,"/home/amrurm/Desktop/Zemoso-Assignments/React/Assignment-State Mgmt(Book Status)/Book-App/my-app/src/Pages/LandingPage/LandingPage.tsx": {"path":"/home/amrurm/Desktop/Zemoso-Assignments/React/Assignment-State Mgmt(Book Status)/Book-App/my-app/src/Pages/LandingPage/LandingPage.tsx","statementMap":{"0":{"start":{"line":7,"column":20},"end":{"line":15,"column":1}},"1":{"start":{"line":8,"column":1},"end":{"line":14,"column":3}}},"fnMap":{"0":{"name":"(anonymous_0)","decl":{"start":{"line":7,"column":20},"end":{"line":7,"column":21}},"loc":{"start":{"line":7,"column":26},"end":{"line":15,"column":1}},"line":7}},"branchMap":{},"s":{"0":1,"1":2},"f":{"0":2},"b":{},"_coverageSchema":"1a1c01bbd47fc00a2c39e90264f33305004495a9","hash":"076d4d3d7795b654e21ba147a3aac08e4f054ed3"}
,"/home/amrurm/Desktop/Zemoso-Assignments/React/Assignment-State Mgmt(Book Status)/Book-App/my-app/src/Pages/MyLibrary/MyLibrary.tsx": {"path":"/home/amrurm/Desktop/Zemoso-Assignments/React/Assignment-State Mgmt(Book Status)/Book-App/my-app/src/Pages/MyLibrary/MyLibrary.tsx","statementMap":{"0":{"start":{"line":5,"column":18},"end":{"line":18,"column":1}},"1":{"start":{"line":6,"column":2},"end":{"line":17,"column":4}}},"fnMap":{"0":{"name":"(anonymous_0)","decl":{"start":{"line":5,"column":18},"end":{"line":5,"column":19}},"loc":{"start":{"line":5,"column":24},"end":{"line":18,"column":1}},"line":5}},"branchMap":{},"s":{"0":1,"1":1},"f":{"0":1},"b":{},"_coverageSchema":"1a1c01bbd47fc00a2c39e90264f33305004495a9","hash":"1a3ebc5a86ec0b10ade88d0e67da01b9cd4356c5"}
,"/home/amrurm/Desktop/Zemoso-Assignments/React/Assignment-State Mgmt(Book Status)/Book-App/my-app/src/atoms/Buttons/Buttons/Buttons.tsx": {"path":"/home/amrurm/Desktop/Zemoso-Assignments/React/Assignment-State Mgmt(Book Status)/Book-App/my-app/src/atoms/Buttons/Buttons/Buttons.tsx","statementMap":{"0":{"start":{"line":28,"column":16},"end":{"line":60,"column":1}},"1":{"start":{"line":40,"column":6},"end":{"line":40,"column":11}},"2":{"start":{"line":41,"column":2},"end":{"line":59,"column":4}}},"fnMap":{"0":{"name":"(anonymous_0)","decl":{"start":{"line":28,"column":16},"end":{"line":28,"column":17}},"loc":{"start":{"line":28,"column":34},"end":{"line":60,"column":1}},"line":28}},"branchMap":{},"s":{"0":9,"1":18,"2":18},"f":{"0":18},"b":{},"_coverageSchema":"1a1c01bbd47fc00a2c39e90264f33305004495a9","hash":"45e4689d2d3071474b55a6ffcd03e26b5d9d2860"}
,"/home/amrurm/Desktop/Zemoso-Assignments/React/Assignment-State Mgmt(Book Status)/Book-App/my-app/src/atoms/Buttons/Lists/Lists.tsx": {"path":"/home/amrurm/Desktop/Zemoso-Assignments/React/Assignment-State Mgmt(Book Status)/Book-App/my-app/src/atoms/Buttons/Lists/Lists.tsx","statementMap":{"0":{"start":{"line":12,"column":14},"end":{"line":131,"column":1}},"1":{"start":{"line":13,"column":23},"end":{"line":13,"column":28}},"2":{"start":{"line":14,"column":2},"end":{"line":130,"column":4}}},"fnMap":{"0":{"name":"(anonymous_0)","decl":{"start":{"line":12,"column":14},"end":{"line":12,"column":15}},"loc":{"start":{"line":12,"column":32},"end":{"line":131,"column":1}},"line":12}},"branchMap":{},"s":{"0":5,"1":7,"2":7},"f":{"0":7},"b":{},"_coverageSchema":"1a1c01bbd47fc00a2c39e90264f33305004495a9","hash":"233490d751cee92a403949ec1de0001a828f6002"}
,"/home/amrurm/Desktop/Zemoso-Assignments/React/Assignment-State Mgmt(Book Status)/Book-App/my-app/src/atoms/Buttons/NavItem/NavItem.tsx": {"path":"/home/amrurm/Desktop/Zemoso-Assignments/React/Assignment-State Mgmt(Book Status)/Book-App/my-app/src/atoms/Buttons/NavItem/NavItem.tsx","statementMap":{"0":{"start":{"line":21,"column":16},"end":{"line":62,"column":1}},"1":{"start":{"line":36,"column":6},"end":{"line":36,"column":11}},"2":{"start":{"line":37,"column":2},"end":{"line":61,"column":4}}},"fnMap":{"0":{"name":"(anonymous_0)","decl":{"start":{"line":21,"column":16},"end":{"line":21,"column":17}},"loc":{"start":{"line":21,"column":34},"end":{"line":62,"column":1}},"line":21}},"branchMap":{},"s":{"0":13,"1":22,"2":22},"f":{"0":22},"b":{},"_coverageSchema":"1a1c01bbd47fc00a2c39e90264f33305004495a9","hash":"7dc3fa16aee18d3cff47caf2bad76714fa7e28de"}
,"/home/amrurm/Desktop/Zemoso-Assignments/React/Assignment-State Mgmt(Book Status)/Book-App/my-app/src/features/BookReducer.tsx": {"path":"/home/amrurm/Desktop/Zemoso-Assignments/React/Assignment-State Mgmt(Book Status)/Book-App/my-app/src/features/BookReducer.tsx","statementMap":{"0":{"start":{"line":5,"column":23},"end":{"line":20,"column":1}},"1":{"start":{"line":11,"column":27},"end":{"line":11,"column":33}},"2":{"start":{"line":12,"column":21},"end":{"line":17,"column":5}},"3":{"start":{"line":18,"column":4},"end":{"line":18,"column":16}},"4":{"start":{"line":22,"column":26},"end":{"line":30,"column":1}},"5":{"start":{"line":25,"column":21},"end":{"line":27,"column":5}},"6":{"start":{"line":28,"column":4},"end":{"line":28,"column":16}},"7":{"start":{"line":36,"column":28},"end":{"line":39,"column":1}},"8":{"start":{"line":40,"column":18},"end":{"line":70,"column":2}},"9":{"start":{"line":45,"column":4},"end":{"line":47,"column":7}},"10":{"start":{"line":46,"column":6},"end":{"line":46,"column":31}},"11":{"start":{"line":48,"column":4},"end":{"line":51,"column":7}},"12":{"start":{"line":49,"column":6},"end":{"line":49,"column":31}},"13":{"start":{"line":50,"column":6},"end":{"line":50,"column":34}},"14":{"start":{"line":53,"column":4},"end":{"line":55,"column":7}},"15":{"start":{"line":54,"column":6},"end":{"line":54,"column":30}},"16":{"start":{"line":57,"column":4},"end":{"line":59,"column":7}},"17":{"start":{"line":58,"column":6},"end":{"line":58,"column":31}},"18":{"start":{"line":61,"column":4},"end":{"line":64,"column":7}},"19":{"start":{"line":62,"column":6},"end":{"line":62,"column":31}},"20":{"start":{"line":63,"column":6},"end":{"line":63,"column":27}},"21":{"start":{"line":66,"column":4},"end":{"line":68,"column":7}},"22":{"start":{"line":67,"column":6},"end":{"line":67,"column":30}}},"fnMap":{"0":{"name":"(anonymous_0)","decl":{"start":{"line":7,"column":2},"end":{"line":7,"column":3}},"loc":{"start":{"line":10,"column":8},"end":{"line":19,"column":3}},"line":10},"1":{"name":"(anonymous_1)","decl":{"start":{"line":24,"column":2},"end":{"line":24,"column":3}},"loc":{"start":{"line":24,"column":36},"end":{"line":29,"column":3}},"line":24},"2":{"name":"(anonymous_2)","decl":{"start":{"line":44,"column":17},"end":{"line":44,"column":18}},"loc":{"start":{"line":44,"column":30},"end":{"line":69,"column":3}},"line":44},"3":{"name":"(anonymous_3)","decl":{"start":{"line":45,"column":37},"end":{"line":45,"column":38}},"loc":{"start":{"line":45,"column":56},"end":{"line":47,"column":5}},"line":45},"4":{"name":"(anonymous_4)","decl":{"start":{"line":48,"column":39},"end":{"line":48,"column":40}},"loc":{"start":{"line":48,"column":58},"end":{"line":51,"column":5}},"line":48},"5":{"name":"(anonymous_5)","decl":{"start":{"line":53,"column":38},"end":{"line":53,"column":39}},"loc":{"start":{"line":53,"column":57},"end":{"line":55,"column":5}},"line":53},"6":{"name":"(anonymous_6)","decl":{"start":{"line":57,"column":40},"end":{"line":57,"column":41}},"loc":{"start":{"line":57,"column":59},"end":{"line":59,"column":5}},"line":57},"7":{"name":"(anonymous_7)","decl":{"start":{"line":61,"column":42},"end":{"line":61,"column":43}},"loc":{"start":{"line":61,"column":66},"end":{"line":64,"column":5}},"line":61},"8":{"name":"(anonymous_8)","decl":{"start":{"line":66,"column":41},"end":{"line":66,"column":42}},"loc":{"start":{"line":66,"column":60},"end":{"line":68,"column":5}},"line":66}},"branchMap":{"0":{"loc":{"start":{"line":15,"column":16},"end":{"line":15,"column":61}},"type":"cond-expr","locations":[{"start":{"line":15,"column":39},"end":{"line":15,"column":49}},{"start":{"line":15,"column":52},"end":{"line":15,"column":61}}],"line":15}},"s":{"0":8,"1":2,"2":2,"3":1,"4":8,"5":1,"6":0,"7":8,"8":8,"9":8,"10":2,"11":8,"12":1,"13":1,"14":8,"15":1,"16":8,"17":1,"18":8,"19":0,"20":0,"21":8,"22":1},"f":{"0":2,"1":1,"2":8,"3":2,"4":1,"5":1,"6":1,"7":0,"8":1},"b":{"0":[2,0]},"_coverageSchema":"1a1c01bbd47fc00a2c39e90264f33305004495a9","hash":"2ee51dc75a3480dbb5e19d0083d571870ae2e144"}
,"/home/amrurm/Desktop/Zemoso-Assignments/React/Assignment-State Mgmt(Book Status)/Book-App/my-app/src/features/BooksReducer.tsx": {"path":"/home/amrurm/Desktop/Zemoso-Assignments/React/Assignment-State Mgmt(Book Status)/Book-App/my-app/src/features/BooksReducer.tsx","statementMap":{"0":{"start":{"line":5,"column":24},"end":{"line":11,"column":1}},"1":{"start":{"line":7,"column":8},"end":{"line":7,"column":31}},"2":{"start":{"line":8,"column":26},"end":{"line":8,"column":74}},"3":{"start":{"line":9,"column":8},"end":{"line":9,"column":28}},"4":{"start":{"line":17,"column":28},"end":{"line":20,"column":1}},"5":{"start":{"line":21,"column":19},"end":{"line":41,"column":2}},"6":{"start":{"line":26,"column":7},"end":{"line":28,"column":9}},"7":{"start":{"line":27,"column":11},"end":{"line":27,"column":35}},"8":{"start":{"line":29,"column":7},"end":{"line":33,"column":9}},"9":{"start":{"line":30,"column":11},"end":{"line":30,"column":35}},"10":{"start":{"line":31,"column":11},"end":{"line":31,"column":44}},"11":{"start":{"line":32,"column":11},"end":{"line":32,"column":32}},"12":{"start":{"line":35,"column":7},"end":{"line":37,"column":9}},"13":{"start":{"line":36,"column":11},"end":{"line":36,"column":34}}},"fnMap":{"0":{"name":"(anonymous_0)","decl":{"start":{"line":6,"column":4},"end":{"line":6,"column":5}},"loc":{"start":{"line":6,"column":28},"end":{"line":10,"column":5}},"line":6},"1":{"name":"(anonymous_1)","decl":{"start":{"line":25,"column":19},"end":{"line":25,"column":20}},"loc":{"start":{"line":25,"column":32},"end":{"line":38,"column":5}},"line":25},"2":{"name":"(anonymous_2)","decl":{"start":{"line":26,"column":41},"end":{"line":26,"column":42}},"loc":{"start":{"line":26,"column":60},"end":{"line":28,"column":8}},"line":26},"3":{"name":"(anonymous_3)","decl":{"start":{"line":29,"column":43},"end":{"line":29,"column":44}},"loc":{"start":{"line":29,"column":65},"end":{"line":33,"column":8}},"line":29},"4":{"name":"(anonymous_4)","decl":{"start":{"line":35,"column":42},"end":{"line":35,"column":43}},"loc":{"start":{"line":35,"column":61},"end":{"line":37,"column":8}},"line":35}},"branchMap":{},"s":{"0":8,"1":2,"2":2,"3":1,"4":8,"5":8,"6":8,"7":2,"8":8,"9":1,"10":1,"11":1,"12":8,"13":1},"f":{"0":2,"1":8,"2":2,"3":1,"4":1},"b":{},"_coverageSchema":"1a1c01bbd47fc00a2c39e90264f33305004495a9","hash":"e981e28eed3ff70d8c1ad37758ffd9c8d108b5b3"}
,"/home/amrurm/Desktop/Zemoso-Assignments/React/Assignment-State Mgmt(Book Status)/Book-App/my-app/src/store/store.tsx": {"path":"/home/amrurm/Desktop/Zemoso-Assignments/React/Assignment-State Mgmt(Book Status)/Book-App/my-app/src/store/store.tsx","statementMap":{"0":{"start":{"line":5,"column":21},"end":{"line":10,"column":2}}},"fnMap":{},"branchMap":{},"s":{"0":8},"f":{},"b":{},"_coverageSchema":"1a1c01bbd47fc00a2c39e90264f33305004495a9","hash":"c26e0e1cfe95bddcb4bb1067cab54a0c69e9bcf1"}
}
