TN:
SF:src/Icons.tsx
FNF:0
FNH:0
DA:4,14
DA:9,14
DA:17,14
DA:22,14
DA:27,14
DA:32,14
DA:37,14
DA:42,14
DA:47,14
DA:52,14
DA:60,14
DA:65,14
LF:12
LH:12
BRF:0
BRH:0
end_of_record
TN:
SF:src/Molecules/BookCard/BookCard.tsx
FN:20,(anonymous_0)
FN:22,(anonymous_1)
FN:23,(anonymous_2)
FN:24,(anonymous_3)
FN:32,(anonymous_4)
FN:39,(anonymous_5)
FN:117,(anonymous_6)
FN:126,(anonymous_7)
FNF:8
FNH:6
FNDA:9,(anonymous_0)
FNDA:9,(anonymous_1)
FNDA:9,(anonymous_2)
FNDA:0,(anonymous_3)
FNDA:1,(anonymous_4)
FNDA:0,(anonymous_5)
FNDA:1,(anonymous_6)
FNDA:9,(anonymous_7)
DA:20,7
DA:21,9
DA:22,9
DA:23,9
DA:24,9
DA:25,0
DA:29,9
DA:32,9
DA:33,1
DA:34,1
DA:40,0
DA:43,0
DA:45,9
DA:117,1
DA:126,7
DA:127,9
LF:16
LH:13
BRDA:37,0,0,0
BRDA:37,0,1,1
BRDA:93,1,0,6
BRDA:93,1,1,3
BRDA:129,2,0,9
BRDA:129,2,1,0
BRF:6
BRH:4
end_of_record
TN:
SF:src/Molecules/ButtonsGroup/ButtonsGroup.tsx
FN:6,(anonymous_0)
FNF:1
FNH:1
FNDA:3,(anonymous_0)
DA:6,3
DA:7,3
LF:2
LH:2
BRF:0
BRH:0
end_of_record
TN:
SF:src/Molecules/ReadAgain/ReadAgain.tsx
FN:7,(anonymous_0)
FNF:1
FNH:1
FNDA:3,(anonymous_0)
DA:7,4
DA:8,3
LF:2
LH:2
BRF:0
BRH:0
end_of_record
TN:
SF:src/Molecules/SearchBar/SearchBar.tsx
FN:5,SearchBar
FNF:1
FNH:1
FNDA:3,SearchBar
DA:6,3
LF:1
LH:1
BRF:0
BRH:0
end_of_record
TN:
SF:src/Molecules/TabsBar/TabsBar.tsx
FN:12,TabPanel
FN:30,a11yProps
FN:40,(anonymous_2)
FN:44,(anonymous_3)
FN:47,(anonymous_4)
FNF:5
FNH:4
FNDA:8,TabPanel
FNDA:8,a11yProps
FNDA:8,(anonymous_2)
FNDA:4,(anonymous_3)
FNDA:0,(anonymous_4)
DA:13,8
DA:15,8
DA:31,8
DA:40,2
DA:41,8
DA:44,2
DA:45,4
DA:47,4
DA:48,0
DA:51,4
LF:10
LH:9
BRDA:23,0,0,8
BRDA:23,0,1,4
BRF:2
BRH:2
end_of_record
TN:
SF:src/Molecules/TabsMenu/TabsMenu.tsx
FN:10,TabPanel
FN:28,a11yProps
FN:38,(anonymous_2)
FN:42,(anonymous_3)
FN:45,(anonymous_4)
FNF:5
FNH:4
FNDA:9,TabPanel
FNDA:9,a11yProps
FNDA:9,(anonymous_2)
FNDA:3,(anonymous_3)
FNDA:0,(anonymous_4)
DA:11,9
DA:13,9
DA:29,9
DA:38,2
DA:39,9
DA:42,2
DA:43,3
DA:45,3
DA:49,0
DA:52,3
LF:10
LH:9
BRDA:21,0,0,9
BRDA:21,0,1,3
BRF:2
BRH:2
end_of_record
TN:
SF:src/Organisms/Banner/Banner/Banner.tsx
FN:4,(anonymous_0)
FNF:1
FNH:1
FNDA:4,(anonymous_0)
DA:4,2
DA:5,4
LF:2
LH:2
BRF:0
BRH:0
end_of_record
TN:
SF:src/Organisms/Banner/BookDetails/BookDetails.tsx
FN:11,(anonymous_0)
FNF:1
FNH:1
FNDA:3,(anonymous_0)
DA:11,3
DA:12,3
DA:13,3
LF:3
LH:3
BRF:0
BRH:0
end_of_record
TN:
SF:src/Organisms/Banner/BookGrid/BookGrid.tsx
FN:12,(anonymous_0)
FN:17,(anonymous_1)
FN:18,(anonymous_2)
FN:19,(anonymous_3)
FN:39,(anonymous_4)
FN:47,(anonymous_5)
FN:48,(anonymous_6)
FNF:7
FNH:5
FNDA:10,(anonymous_0)
FNDA:10,(anonymous_1)
FNDA:10,(anonymous_2)
FNDA:0,(anonymous_3)
FNDA:6,(anonymous_4)
FNDA:4,(anonymous_5)
FNDA:0,(anonymous_6)
DA:12,6
DA:15,10
DA:17,10
DA:18,10
DA:19,10
DA:20,0
DA:21,0
DA:24,10
DA:26,10
DA:40,6
DA:47,4
DA:49,0
LF:12
LH:9
BRDA:38,0,0,6
BRDA:38,0,1,4
BRF:2
BRH:2
end_of_record
TN:
SF:src/Organisms/Banner/BookGroup/BookGroup.tsx
FN:26,(anonymous_0)
FNF:1
FNH:1
FNDA:5,(anonymous_0)
DA:7,3
DA:26,3
DA:27,5
LF:3
LH:3
BRF:0
BRH:0
end_of_record
TN:
SF:src/Organisms/Banner/BookPage/BookPage.tsx
FN:8,(anonymous_0)
FN:20,(anonymous_1)
FN:21,(anonymous_2)
FN:24,(anonymous_3)
FNF:4
FNH:3
FNDA:2,(anonymous_0)
FNDA:2,(anonymous_1)
FNDA:2,(anonymous_2)
FNDA:0,(anonymous_3)
DA:8,2
DA:9,2
DA:17,2
DA:18,2
DA:20,2
DA:21,2
DA:22,2
DA:25,0
DA:26,0
DA:29,2
DA:31,2
LF:11
LH:9
BRDA:52,0,0,0
BRDA:52,0,1,2
BRF:2
BRH:1
end_of_record
TN:
SF:src/Organisms/Banner/DropDown/DropDown.tsx
FN:20,(anonymous_0)
FN:137,(anonymous_1)
FN:161,(anonymous_2)
FNF:3
FNH:3
FNDA:1,(anonymous_0)
FNDA:3,(anonymous_1)
FNDA:1,(anonymous_2)
DA:20,5
DA:21,1
DA:22,1
DA:38,1
DA:138,3
DA:161,5
DA:162,1
LF:7
LH:7
BRF:0
BRH:0
end_of_record
TN:
SF:src/Organisms/Banner/Footer/Footer.tsx
FN:5,(anonymous_0)
FN:36,(anonymous_1)
FNF:2
FNH:2
FNDA:6,(anonymous_0)
FNDA:6,(anonymous_1)
DA:5,4
DA:6,6
DA:36,4
DA:37,6
LF:4
LH:4
BRF:0
BRH:0
end_of_record
TN:
SF:src/Organisms/Banner/Header/Header.tsx
FN:20,(anonymous_0)
FN:22,(anonymous_1)
FN:31,(anonymous_2)
FNF:3
FNH:1
FNDA:7,(anonymous_0)
FNDA:0,(anonymous_1)
FNDA:0,(anonymous_2)
DA:20,4
DA:21,7
DA:22,7
DA:25,0
DA:27,0
DA:31,7
DA:32,0
DA:35,7
LF:8
LH:5
BRDA:25,0,0,0
BRDA:25,0,1,0
BRDA:87,1,0,7
BRDA:87,1,1,0
BRDA:132,2,0,7
BRDA:132,2,1,0
BRF:6
BRH:2
end_of_record
TN:
SF:src/Pages/Template.tsx
FN:9,(anonymous_0)
FNF:1
FNH:1
FNDA:3,(anonymous_0)
DA:9,3
DA:10,3
LF:2
LH:2
BRF:0
BRH:0
end_of_record
TN:
SF:src/Pages/BookDetailsPage/BookDetailsPage.tsx
FN:5,(anonymous_0)
FNF:1
FNH:1
FNDA:1,(anonymous_0)
DA:5,1
DA:6,1
LF:2
LH:2
BRF:0
BRH:0
end_of_record
TN:
SF:src/Pages/LandingPage/LandingPage.tsx
FN:7,(anonymous_0)
FNF:1
FNH:1
FNDA:2,(anonymous_0)
DA:7,1
DA:8,2
LF:2
LH:2
BRF:0
BRH:0
end_of_record
TN:
SF:src/Pages/MyLibrary/MyLibrary.tsx
FN:5,(anonymous_0)
FNF:1
FNH:1
FNDA:1,(anonymous_0)
DA:5,1
DA:6,1
LF:2
LH:2
BRF:0
BRH:0
end_of_record
TN:
SF:src/atoms/Buttons/Buttons/Buttons.tsx
FN:28,(anonymous_0)
FNF:1
FNH:1
FNDA:18,(anonymous_0)
DA:28,9
DA:40,18
DA:41,18
LF:3
LH:3
BRF:0
BRH:0
end_of_record
TN:
SF:src/atoms/Buttons/Lists/Lists.tsx
FN:12,(anonymous_0)
FNF:1
FNH:1
FNDA:7,(anonymous_0)
DA:12,5
DA:13,7
DA:14,7
LF:3
LH:3
BRF:0
BRH:0
end_of_record
TN:
SF:src/atoms/Buttons/NavItem/NavItem.tsx
FN:21,(anonymous_0)
FNF:1
FNH:1
FNDA:22,(anonymous_0)
DA:21,13
DA:36,22
DA:37,22
LF:3
LH:3
BRF:0
BRH:0
end_of_record
TN:
SF:src/features/BookReducer.tsx
FN:7,(anonymous_0)
FN:24,(anonymous_1)
FN:44,(anonymous_2)
FN:45,(anonymous_3)
FN:48,(anonymous_4)
FN:53,(anonymous_5)
FN:57,(anonymous_6)
FN:61,(anonymous_7)
FN:66,(anonymous_8)
FNF:9
FNH:8
FNDA:2,(anonymous_0)
FNDA:1,(anonymous_1)
FNDA:8,(anonymous_2)
FNDA:2,(anonymous_3)
FNDA:1,(anonymous_4)
FNDA:1,(anonymous_5)
FNDA:1,(anonymous_6)
FNDA:0,(anonymous_7)
FNDA:1,(anonymous_8)
DA:5,8
DA:11,2
DA:12,2
DA:18,1
DA:22,8
DA:25,1
DA:28,0
DA:36,8
DA:40,8
DA:45,8
DA:46,2
DA:48,8
DA:49,1
DA:50,1
DA:53,8
DA:54,1
DA:57,8
DA:58,1
DA:61,8
DA:62,0
DA:63,0
DA:66,8
DA:67,1
LF:23
LH:20
BRDA:15,0,0,2
BRDA:15,0,1,0
BRF:2
BRH:1
end_of_record
TN:
SF:src/features/BooksReducer.tsx
FN:6,(anonymous_0)
FN:25,(anonymous_1)
FN:26,(anonymous_2)
FN:29,(anonymous_3)
FN:35,(anonymous_4)
FNF:5
FNH:5
FNDA:2,(anonymous_0)
FNDA:8,(anonymous_1)
FNDA:2,(anonymous_2)
FNDA:1,(anonymous_3)
FNDA:1,(anonymous_4)
DA:5,8
DA:7,2
DA:8,2
DA:9,1
DA:17,8
DA:21,8
DA:26,8
DA:27,2
DA:29,8
DA:30,1
DA:31,1
DA:32,1
DA:35,8
DA:36,1
LF:14
LH:14
BRF:0
BRH:0
end_of_record
TN:
SF:src/store/store.tsx
FNF:0
FNH:0
DA:5,8
LF:1
LH:1
BRF:0
BRH:0
end_of_record
